[ Sun Aug 30 2020 23:08:46 GMT-0300 (Horário Padrão de Brasília) ]Erro, erro ao abrir o arquivo: [ Error: ENOENT: no such file or directory, open 'C:\Users\mathe\Documents\Projetos\temp\Espacial_Humanos.csv' ]
[ Sun Aug 30 2020 23:15:31 GMT-0300 (Horário Padrão de Brasília) ]Erro, erro ao abrir o arquivo: [ Error: ENOENT: no such file or directory, open 'C:\Users\mathe\Documents\Projetos\simula-web\temp\354a626d55e101ac.csv' ]
[ Sun Aug 30 2020 23:21:21 GMT-0300 (Horário Padrão de Brasília) ]Erro, não foi possivel registrar as informações no banco: [ null ]
[ Sun Aug 30 2020 23:21:21 GMT-0300 (Horário Padrão de Brasília) ]Sem Erros: [ [object Object] ]
[ Sun Aug 30 2020 23:24:18 GMT-0300 (Horário Padrão de Brasília) ]Erro, não foi possivel registrar as informações no banco: [ null ]
[ Sun Aug 30 2020 23:24:18 GMT-0300 (Horário Padrão de Brasília) ]Sem Erros: [ [object Object] ]
[ Sun Aug 30 2020 23:40:05 GMT-0300 (Horário Padrão de Brasília) ]Erro, não foi possivel registrar as informações no banco: [ null ]
[ Sun Aug 30 2020 23:40:05 GMT-0300 (Horário Padrão de Brasília) ]Sem Erros: [ [object Object] ]
[ Mon Aug 31 2020 04:07:07 GMT-0300 (Horário Padrão de Brasília) ]Erro, não foi possivel registrar as informações no banco: [ null ]
[ Mon Aug 31 2020 04:07:11 GMT-0300 (Horário Padrão de Brasília) ]Sem Erros: [ [object Object] ]
[ Mon Aug 31 2020 04:09:55 GMT-0300 (Horário Padrão de Brasília) ]Erro, não foi possivel registrar as informações no banco: [ null ]
[ Mon Aug 31 2020 04:09:55 GMT-0300 (Horário Padrão de Brasília) ]Sem Erros: [ [object Object] ]
[ Mon Aug 31 2020 04:19:31 GMT-0300 (Horário Padrão de Brasília) ]Sem Erros: [ [object Object] ]
[ Mon Aug 31 2020 04:19:31 GMT-0300 (Horário Padrão de Brasília) ]Erro, não foi possivel registrar as informações no banco: [ null ]
[ Sat Sep 05 2020 22:16:34 GMT-0300 (Horário Padrão de Brasília) ]Sem Erros: [ function toString() { [native code] } ]
[ Sat Sep 05 2020 22:18:20 GMT-0300 (Horário Padrão de Brasília) ]Sem Erros: [ function toString() { [native code] } ]
[ Wed Sep 23 2020 09:40:28 GMT-0300 (Horário Padrão de Brasília) ]Erro, erro ao abrir o arquivo: [ Error: Invalid Opening Quote: a quote is found inside a field at line 8 ]
[ Wed Sep 23 2020 09:40:43 GMT-0300 (Horário Padrão de Brasília) ]Erro, erro ao abrir o arquivo: [ Error: Invalid Opening Quote: a quote is found inside a field at line 8 ]
[ Wed Oct 28 2020 15:36:06 GMT-0300 (Horário Padrão de Brasília) ]Erro, erro ao abrir o arquivo: [ Error: Invalid Opening Quote: a quote is found inside a field at line 8 ]
[ Wed Oct 28 2020 15:36:42 GMT-0300 (Horário Padrão de Brasília) ]Erro, erro ao abrir o arquivo: [ Error: Invalid Opening Quote: a quote is found inside a field at line 8 ]
[ Wed Oct 28 2020 15:37:24 GMT-0300 (Horário Padrão de Brasília) ]Erro, erro ao abrir o arquivo: [ Error: Invalid Opening Quote: a quote is found inside a field at line 8 ]
[ Wed Oct 28 2020 15:38:14 GMT-0300 (Horário Padrão de Brasília) ]Erro, erro ao abrir o arquivo: [ Error: Invalid Opening Quote: a quote is found inside a field at line 8 ]
[ Wed Oct 28 2020 15:54:35 GMT-0300 (Horário Padrão de Brasília) ]Sem Erros: [ aaaaaaaaaaaaaaaaaaaaaaaaaaaaaaaaa ]
[ Wed Oct 28 2020 15:55:34 GMT-0300 (Horário Padrão de Brasília) ]Sem Erros: [ Simu1 | 470b0d9f9a89f26c.png ]
[ Wed Oct 28 2020 16:53:16 GMT-0300 (Horário Padrão de Brasília) ]Erro, erro ao abrir o arquivo: [ Error: Invalid Opening Quote: a quote is found inside a field at line 8 ]
